<?xml version="1.0" encoding="UTF-8"?>
<!-- Generated by org.testng.reporters.JUnitReportReporter -->
<testsuite hostname="DESKTOP-MUEUS88" name="MavenProject.FirstScript.PersonalLoan" tests="1" failures="0" timestamp="27 Oct 2022 17:51:00 GMT" time="0.018" errors="0">
  <testcase name="logintoBranchforPersonalLoan" time="0.018" classname="MavenProject.FirstScript.PersonalLoan"/>
</testsuite> <!-- MavenProject.FirstScript.PersonalLoan -->
