<?xml version="1.0" encoding="UTF-8"?>
<!-- Generated by org.testng.reporters.JUnitReportReporter -->
<testsuite hostname="DESKTOP-MUEUS88" name="MavenProject.FirstScript.CarLoan" tests="1" failures="0" timestamp="27 Oct 2022 17:51:00 GMT" time="0.004" errors="0">
  <testcase name="logintoBranchforCarLoan" time="0.004" classname="MavenProject.FirstScript.CarLoan"/>
</testsuite> <!-- MavenProject.FirstScript.CarLoan -->
